{"$message_type":"diagnostic","message":"cannot find derive macro `Deserialize` in this scope","code":null,"level":"error","spans":[{"file_name":"/home/samuelarmstrong/Documents/FrameworkTinkering/LEDMatrixFiles/project/sig_rp2040_applet/src/lib.rs","byte_start":2478,"byte_end":2489,"line_start":84,"line_end":84,"column_start":10,"column_end":21,"is_primary":true,"text":[{"text":"#[derive(Deserialize)]","highlight_start":10,"highlight_end":21}],"label":null,"suggested_replacement":null,"suggestion_applicability":null,"expansion":null}],"children":[{"message":"`Deserialize` is imported here, but it is only a trait, without a derive macro","code":null,"level":"note","spans":[{"file_name":"/home/samuelarmstrong/Documents/FrameworkTinkering/LEDMatrixFiles/project/sig_rp2040_applet/src/lib.rs","byte_start":107,"byte_end":118,"line_start":5,"line_end":5,"column_start":13,"column_end":24,"is_primary":true,"text":[{"text":"use serde::{Deserialize, Serialize};","highlight_start":13,"highlight_end":24}],"label":null,"suggested_replacement":null,"suggestion_applicability":null,"expansion":null}],"children":[],"rendered":null}],"rendered":"\u001b[0m\u001b[1m\u001b[38;5;9merror\u001b[0m\u001b[0m\u001b[1m: cannot find derive macro `Deserialize` in this scope\u001b[0m\n\u001b[0m  \u001b[0m\u001b[0m\u001b[1m\u001b[38;5;12m--> \u001b[0m\u001b[0m/home/samuelarmstrong/Documents/FrameworkTinkering/LEDMatrixFiles/project/sig_rp2040_applet/src/lib.rs:84:10\u001b[0m\n\u001b[0m   \u001b[0m\u001b[0m\u001b[1m\u001b[38;5;12m|\u001b[0m\n\u001b[0m\u001b[1m\u001b[38;5;12m84\u001b[0m\u001b[0m \u001b[0m\u001b[0m\u001b[1m\u001b[38;5;12m|\u001b[0m\u001b[0m \u001b[0m\u001b[0m#[derive(Deserialize)]\u001b[0m\n\u001b[0m   \u001b[0m\u001b[0m\u001b[1m\u001b[38;5;12m|\u001b[0m\u001b[0m          \u001b[0m\u001b[0m\u001b[1m\u001b[38;5;9m^^^^^^^^^^^\u001b[0m\n\u001b[0m   \u001b[0m\u001b[0m\u001b[1m\u001b[38;5;12m|\u001b[0m\n\u001b[0m\u001b[1m\u001b[38;5;10mnote\u001b[0m\u001b[0m: `Deserialize` is imported here, but it is only a trait, without a derive macro\u001b[0m\n\u001b[0m  \u001b[0m\u001b[0m\u001b[1m\u001b[38;5;12m--> \u001b[0m\u001b[0m/home/samuelarmstrong/Documents/FrameworkTinkering/LEDMatrixFiles/project/sig_rp2040_applet/src/lib.rs:5:13\u001b[0m\n\u001b[0m   \u001b[0m\u001b[0m\u001b[1m\u001b[38;5;12m|\u001b[0m\n\u001b[0m\u001b[1m\u001b[38;5;12m5\u001b[0m\u001b[0m  \u001b[0m\u001b[0m\u001b[1m\u001b[38;5;12m|\u001b[0m\u001b[0m \u001b[0m\u001b[0muse serde::{Deserialize, Serialize};\u001b[0m\n\u001b[0m   \u001b[0m\u001b[0m\u001b[1m\u001b[38;5;12m|\u001b[0m\u001b[0m             \u001b[0m\u001b[0m\u001b[1m\u001b[38;5;10m^^^^^^^^^^^\u001b[0m\n\n"}
{"$message_type":"diagnostic","message":"unused import: `Serialize`","code":{"code":"unused_imports","explanation":null},"level":"warning","spans":[{"file_name":"/home/samuelarmstrong/Documents/FrameworkTinkering/LEDMatrixFiles/project/sig_rp2040_applet/src/lib.rs","byte_start":120,"byte_end":129,"line_start":5,"line_end":5,"column_start":26,"column_end":35,"is_primary":true,"text":[{"text":"use serde::{Deserialize, Serialize};","highlight_start":26,"highlight_end":35}],"label":null,"suggested_replacement":null,"suggestion_applicability":null,"expansion":null}],"children":[{"message":"`#[warn(unused_imports)]` on by default","code":null,"level":"note","spans":[],"children":[],"rendered":null},{"message":"remove the unused import","code":null,"level":"help","spans":[{"file_name":"/home/samuelarmstrong/Documents/FrameworkTinkering/LEDMatrixFiles/project/sig_rp2040_applet/src/lib.rs","byte_start":106,"byte_end":107,"line_start":5,"line_end":5,"column_start":12,"column_end":13,"is_primary":true,"text":[{"text":"use serde::{Deserialize, Serialize};","highlight_start":12,"highlight_end":13}],"label":null,"suggested_replacement":"","suggestion_applicability":"MachineApplicable","expansion":null},{"file_name":"/home/samuelarmstrong/Documents/FrameworkTinkering/LEDMatrixFiles/project/sig_rp2040_applet/src/lib.rs","byte_start":118,"byte_end":129,"line_start":5,"line_end":5,"column_start":24,"column_end":35,"is_primary":true,"text":[{"text":"use serde::{Deserialize, Serialize};","highlight_start":24,"highlight_end":35}],"label":null,"suggested_replacement":"","suggestion_applicability":"MachineApplicable","expansion":null},{"file_name":"/home/samuelarmstrong/Documents/FrameworkTinkering/LEDMatrixFiles/project/sig_rp2040_applet/src/lib.rs","byte_start":129,"byte_end":130,"line_start":5,"line_end":5,"column_start":35,"column_end":36,"is_primary":true,"text":[{"text":"use serde::{Deserialize, Serialize};","highlight_start":35,"highlight_end":36}],"label":null,"suggested_replacement":"","suggestion_applicability":"MachineApplicable","expansion":null}],"children":[],"rendered":null}],"rendered":"\u001b[0m\u001b[1m\u001b[33mwarning\u001b[0m\u001b[0m\u001b[1m: unused import: `Serialize`\u001b[0m\n\u001b[0m \u001b[0m\u001b[0m\u001b[1m\u001b[38;5;12m--> \u001b[0m\u001b[0m/home/samuelarmstrong/Documents/FrameworkTinkering/LEDMatrixFiles/project/sig_rp2040_applet/src/lib.rs:5:26\u001b[0m\n\u001b[0m  \u001b[0m\u001b[0m\u001b[1m\u001b[38;5;12m|\u001b[0m\n\u001b[0m\u001b[1m\u001b[38;5;12m5\u001b[0m\u001b[0m \u001b[0m\u001b[0m\u001b[1m\u001b[38;5;12m|\u001b[0m\u001b[0m \u001b[0m\u001b[0muse serde::{Deserialize, Serialize};\u001b[0m\n\u001b[0m  \u001b[0m\u001b[0m\u001b[1m\u001b[38;5;12m|\u001b[0m\u001b[0m                          \u001b[0m\u001b[0m\u001b[1m\u001b[33m^^^^^^^^^\u001b[0m\n\u001b[0m  \u001b[0m\u001b[0m\u001b[1m\u001b[38;5;12m|\u001b[0m\n\u001b[0m  \u001b[0m\u001b[0m\u001b[1m\u001b[38;5;12m= \u001b[0m\u001b[0m\u001b[1mnote\u001b[0m\u001b[0m: `#[warn(unused_imports)]` on by default\u001b[0m\n\n"}
{"$message_type":"diagnostic","message":"type alias takes 1 generic argument but 2 generic arguments were supplied","code":{"code":"E0107","explanation":"An incorrect number of generic arguments was provided.\n\nErroneous code example:\n\n```compile_fail,E0107\nstruct Foo<T> { x: T }\n\nstruct Bar { x: Foo }             // error: wrong number of type arguments:\n                                  //        expected 1, found 0\nstruct Baz<S, T> { x: Foo<S, T> } // error: wrong number of type arguments:\n                                  //        expected 1, found 2\n\nfn foo<T, U>(x: T, y: U) {}\nfn f() {}\n\nfn main() {\n    let x: bool = true;\n    foo::<bool>(x);                 // error: wrong number of type arguments:\n                                    //        expected 2, found 1\n    foo::<bool, i32, i32>(x, 2, 4); // error: wrong number of type arguments:\n                                    //        expected 2, found 3\n    f::<'static>();                 // error: wrong number of lifetime arguments\n                                    //        expected 0, found 1\n}\n```\n\nWhen using/declaring an item with generic arguments, you must provide the exact\nsame number:\n\n```\nstruct Foo<T> { x: T }\n\nstruct Bar<T> { x: Foo<T> }               // ok!\nstruct Baz<S, T> { x: Foo<S>, y: Foo<T> } // ok!\n\nfn foo<T, U>(x: T, y: U) {}\nfn f() {}\n\nfn main() {\n    let x: bool = true;\n    foo::<bool, u32>(x, 12);              // ok!\n    f();                                  // ok!\n}\n```\n"},"level":"error","spans":[{"file_name":"/home/samuelarmstrong/Documents/FrameworkTinkering/LEDMatrixFiles/project/sig_rp2040_applet/src/lib.rs","byte_start":832,"byte_end":838,"line_start":30,"line_end":30,"column_start":60,"column_end":66,"is_primary":true,"text":[{"text":"    pub fn command_applet (&mut self, command: Command) -> Result<(), &'static str> {","highlight_start":60,"highlight_end":66}],"label":"expected 1 generic argument","suggested_replacement":null,"suggestion_applicability":null,"expansion":null}],"children":[{"message":"type alias defined here, with 1 generic parameter: `T`","code":null,"level":"note","spans":[{"file_name":"/home/samuelarmstrong/.cargo/registry/src/index.crates.io-6f17d22bba15001f/serde_json-1.0.140/src/error.rs","byte_start":767,"byte_end":768,"line_start":25,"line_end":25,"column_start":17,"column_end":18,"is_primary":false,"text":[{"text":"pub type Result<T> = result::Result<T, Error>;","highlight_start":17,"highlight_end":18}],"label":"","suggested_replacement":null,"suggestion_applicability":null,"expansion":null},{"file_name":"/home/samuelarmstrong/.cargo/registry/src/index.crates.io-6f17d22bba15001f/serde_json-1.0.140/src/error.rs","byte_start":760,"byte_end":766,"line_start":25,"line_end":25,"column_start":10,"column_end":16,"is_primary":true,"text":[{"text":"pub type Result<T> = result::Result<T, Error>;","highlight_start":10,"highlight_end":16}],"label":null,"suggested_replacement":null,"suggestion_applicability":null,"expansion":null}],"children":[],"rendered":null},{"message":"remove this generic argument","code":null,"level":"help","spans":[{"file_name":"/home/samuelarmstrong/Documents/FrameworkTinkering/LEDMatrixFiles/project/sig_rp2040_applet/src/lib.rs","byte_start":843,"byte_end":855,"line_start":30,"line_end":30,"column_start":71,"column_end":83,"is_primary":true,"text":[{"text":"    pub fn command_applet (&mut self, command: Command) -> Result<(), &'static str> {","highlight_start":71,"highlight_end":83}],"label":null,"suggested_replacement":"","suggestion_applicability":"MaybeIncorrect","expansion":null}],"children":[],"rendered":null}],"rendered":"\u001b[0m\u001b[1m\u001b[38;5;9merror[E0107]\u001b[0m\u001b[0m\u001b[1m: type alias takes 1 generic argument but 2 generic arguments were supplied\u001b[0m\n\u001b[0m  \u001b[0m\u001b[0m\u001b[1m\u001b[38;5;12m--> \u001b[0m\u001b[0m/home/samuelarmstrong/Documents/FrameworkTinkering/LEDMatrixFiles/project/sig_rp2040_applet/src/lib.rs:30:60\u001b[0m\n\u001b[0m   \u001b[0m\u001b[0m\u001b[1m\u001b[38;5;12m|\u001b[0m\n\u001b[0m\u001b[1m\u001b[38;5;12m30\u001b[0m\u001b[0m \u001b[0m\u001b[0m\u001b[1m\u001b[38;5;12m|\u001b[0m\u001b[0m \u001b[0m\u001b[0m    pub fn command_applet (&mut self, command: Command) -> Result<(), &'static str> {\u001b[0m\n\u001b[0m   \u001b[0m\u001b[0m\u001b[1m\u001b[38;5;12m|\u001b[0m\u001b[0m                                                            \u001b[0m\u001b[0m\u001b[1m\u001b[38;5;9m^^^^^^\u001b[0m\u001b[0m     \u001b[0m\u001b[0m\u001b[1m\u001b[38;5;12m------------\u001b[0m\u001b[0m \u001b[0m\u001b[0m\u001b[1m\u001b[38;5;12mhelp: remove this generic argument\u001b[0m\n\u001b[0m   \u001b[0m\u001b[0m\u001b[1m\u001b[38;5;12m|\u001b[0m\u001b[0m                                                            \u001b[0m\u001b[0m\u001b[1m\u001b[38;5;9m|\u001b[0m\n\u001b[0m   \u001b[0m\u001b[0m\u001b[1m\u001b[38;5;12m|\u001b[0m\u001b[0m                                                            \u001b[0m\u001b[0m\u001b[1m\u001b[38;5;9mexpected 1 generic argument\u001b[0m\n\u001b[0m   \u001b[0m\u001b[0m\u001b[1m\u001b[38;5;12m|\u001b[0m\n\u001b[0m\u001b[1m\u001b[38;5;10mnote\u001b[0m\u001b[0m: type alias defined here, with 1 generic parameter: `T`\u001b[0m\n\u001b[0m  \u001b[0m\u001b[0m\u001b[1m\u001b[38;5;12m--> \u001b[0m\u001b[0m/home/samuelarmstrong/.cargo/registry/src/index.crates.io-6f17d22bba15001f/serde_json-1.0.140/src/error.rs:25:10\u001b[0m\n\u001b[0m   \u001b[0m\u001b[0m\u001b[1m\u001b[38;5;12m|\u001b[0m\n\u001b[0m\u001b[1m\u001b[38;5;12m25\u001b[0m\u001b[0m \u001b[0m\u001b[0m\u001b[1m\u001b[38;5;12m|\u001b[0m\u001b[0m \u001b[0m\u001b[0mpub type Result<T> = result::Result<T, Error>;\u001b[0m\n\u001b[0m   \u001b[0m\u001b[0m\u001b[1m\u001b[38;5;12m|\u001b[0m\u001b[0m          \u001b[0m\u001b[0m\u001b[1m\u001b[38;5;10m^^^^^^\u001b[0m\u001b[0m \u001b[0m\u001b[0m\u001b[1m\u001b[38;5;12m-\u001b[0m\n\n"}
{"$message_type":"diagnostic","message":"mismatched types","code":{"code":"E0308","explanation":"Expected type did not match the received type.\n\nErroneous code examples:\n\n```compile_fail,E0308\nfn plus_one(x: i32) -> i32 {\n    x + 1\n}\n\nplus_one(\"Not a number\");\n//       ^^^^^^^^^^^^^^ expected `i32`, found `&str`\n\nif \"Not a bool\" {\n// ^^^^^^^^^^^^ expected `bool`, found `&str`\n}\n\nlet x: f32 = \"Not a float\";\n//     ---   ^^^^^^^^^^^^^ expected `f32`, found `&str`\n//     |\n//     expected due to this\n```\n\nThis error occurs when an expression was used in a place where the compiler\nexpected an expression of a different type. It can occur in several cases, the\nmost common being when calling a function and passing an argument which has a\ndifferent type than the matching type in the function declaration.\n"},"level":"error","spans":[{"file_name":"/home/samuelarmstrong/Documents/FrameworkTinkering/LEDMatrixFiles/project/sig_rp2040_applet/src/lib.rs","byte_start":1283,"byte_end":1309,"line_start":41,"line_end":41,"column_start":37,"column_end":63,"is_primary":true,"text":[{"text":"                    _ => return Err(\"Invalid parameter length\"),","highlight_start":37,"highlight_end":63}],"label":"expected `Error`, found `&str`","suggested_replacement":null,"suggestion_applicability":null,"expansion":null},{"file_name":"/home/samuelarmstrong/Documents/FrameworkTinkering/LEDMatrixFiles/project/sig_rp2040_applet/src/lib.rs","byte_start":1279,"byte_end":1282,"line_start":41,"line_end":41,"column_start":33,"column_end":36,"is_primary":false,"text":[{"text":"                    _ => return Err(\"Invalid parameter length\"),","highlight_start":33,"highlight_end":36}],"label":"arguments to this enum variant are incorrect","suggested_replacement":null,"suggestion_applicability":null,"expansion":null}],"children":[{"message":"the type constructed contains `&'static str` due to the type of the argument passed","code":null,"level":"help","spans":[{"file_name":"/home/samuelarmstrong/Documents/FrameworkTinkering/LEDMatrixFiles/project/sig_rp2040_applet/src/lib.rs","byte_start":1283,"byte_end":1309,"line_start":41,"line_end":41,"column_start":37,"column_end":63,"is_primary":false,"text":[{"text":"                    _ => return Err(\"Invalid parameter length\"),","highlight_start":37,"highlight_end":63}],"label":"this argument influences the type of `Err`","suggested_replacement":null,"suggestion_applicability":null,"expansion":null},{"file_name":"/home/samuelarmstrong/Documents/FrameworkTinkering/LEDMatrixFiles/project/sig_rp2040_applet/src/lib.rs","byte_start":1279,"byte_end":1310,"line_start":41,"line_end":41,"column_start":33,"column_end":64,"is_primary":true,"text":[{"text":"                    _ => return Err(\"Invalid parameter length\"),","highlight_start":33,"highlight_end":64}],"label":null,"suggested_replacement":null,"suggestion_applicability":null,"expansion":null}],"children":[],"rendered":null},{"message":"tuple variant defined here","code":null,"level":"note","spans":[{"file_name":"/rustc/3f5fd8dd41153bc5fdca9427e9e05be2c767ba23/library/core/src/result.rs","byte_start":19869,"byte_end":19872,"line_start":536,"line_end":536,"column_start":5,"column_end":8,"is_primary":true,"text":[],"label":null,"suggested_replacement":null,"suggestion_applicability":null,"expansion":null}],"children":[],"rendered":null}],"rendered":"\u001b[0m\u001b[1m\u001b[38;5;9merror[E0308]\u001b[0m\u001b[0m\u001b[1m: mismatched types\u001b[0m\n\u001b[0m  \u001b[0m\u001b[0m\u001b[1m\u001b[38;5;12m--> \u001b[0m\u001b[0m/home/samuelarmstrong/Documents/FrameworkTinkering/LEDMatrixFiles/project/sig_rp2040_applet/src/lib.rs:41:37\u001b[0m\n\u001b[0m   \u001b[0m\u001b[0m\u001b[1m\u001b[38;5;12m|\u001b[0m\n\u001b[0m\u001b[1m\u001b[38;5;12m41\u001b[0m\u001b[0m \u001b[0m\u001b[0m\u001b[1m\u001b[38;5;12m|\u001b[0m\u001b[0m \u001b[0m\u001b[0m                    _ => return Err(\"Invalid parameter length\"),\u001b[0m\n\u001b[0m   \u001b[0m\u001b[0m\u001b[1m\u001b[38;5;12m|\u001b[0m\u001b[0m                                 \u001b[0m\u001b[0m\u001b[1m\u001b[38;5;12m---\u001b[0m\u001b[0m \u001b[0m\u001b[0m\u001b[1m\u001b[38;5;9m^^^^^^^^^^^^^^^^^^^^^^^^^^\u001b[0m\u001b[0m \u001b[0m\u001b[0m\u001b[1m\u001b[38;5;9mexpected `Error`, found `&str`\u001b[0m\n\u001b[0m   \u001b[0m\u001b[0m\u001b[1m\u001b[38;5;12m|\u001b[0m\u001b[0m                                 \u001b[0m\u001b[0m\u001b[1m\u001b[38;5;12m|\u001b[0m\n\u001b[0m   \u001b[0m\u001b[0m\u001b[1m\u001b[38;5;12m|\u001b[0m\u001b[0m                                 \u001b[0m\u001b[0m\u001b[1m\u001b[38;5;12marguments to this enum variant are incorrect\u001b[0m\n\u001b[0m   \u001b[0m\u001b[0m\u001b[1m\u001b[38;5;12m|\u001b[0m\n\u001b[0m\u001b[1m\u001b[38;5;14mhelp\u001b[0m\u001b[0m: the type constructed contains `&'static str` due to the type of the argument passed\u001b[0m\n\u001b[0m  \u001b[0m\u001b[0m\u001b[1m\u001b[38;5;12m--> \u001b[0m\u001b[0m/home/samuelarmstrong/Documents/FrameworkTinkering/LEDMatrixFiles/project/sig_rp2040_applet/src/lib.rs:41:33\u001b[0m\n\u001b[0m   \u001b[0m\u001b[0m\u001b[1m\u001b[38;5;12m|\u001b[0m\n\u001b[0m\u001b[1m\u001b[38;5;12m41\u001b[0m\u001b[0m \u001b[0m\u001b[0m\u001b[1m\u001b[38;5;12m|\u001b[0m\u001b[0m \u001b[0m\u001b[0m                    _ => return Err(\"Invalid parameter length\"),\u001b[0m\n\u001b[0m   \u001b[0m\u001b[0m\u001b[1m\u001b[38;5;12m|\u001b[0m\u001b[0m                                 \u001b[0m\u001b[0m\u001b[1m\u001b[38;5;14m^^^^\u001b[0m\u001b[0m\u001b[1m\u001b[38;5;12m--------------------------\u001b[0m\u001b[0m\u001b[1m\u001b[38;5;14m^\u001b[0m\n\u001b[0m   \u001b[0m\u001b[0m\u001b[1m\u001b[38;5;12m|\u001b[0m\u001b[0m                                     \u001b[0m\u001b[0m\u001b[1m\u001b[38;5;12m|\u001b[0m\n\u001b[0m   \u001b[0m\u001b[0m\u001b[1m\u001b[38;5;12m|\u001b[0m\u001b[0m                                     \u001b[0m\u001b[0m\u001b[1m\u001b[38;5;12mthis argument influences the type of `Err`\u001b[0m\n\u001b[0m\u001b[1m\u001b[38;5;10mnote\u001b[0m\u001b[0m: tuple variant defined here\u001b[0m\n\u001b[0m  \u001b[0m\u001b[0m\u001b[1m\u001b[38;5;12m--> \u001b[0m\u001b[0m/rustc/3f5fd8dd41153bc5fdca9427e9e05be2c767ba23/library/core/src/result.rs:536:5\u001b[0m\n\n"}
{"$message_type":"diagnostic","message":"mismatched types","code":{"code":"E0308","explanation":"Expected type did not match the received type.\n\nErroneous code examples:\n\n```compile_fail,E0308\nfn plus_one(x: i32) -> i32 {\n    x + 1\n}\n\nplus_one(\"Not a number\");\n//       ^^^^^^^^^^^^^^ expected `i32`, found `&str`\n\nif \"Not a bool\" {\n// ^^^^^^^^^^^^ expected `bool`, found `&str`\n}\n\nlet x: f32 = \"Not a float\";\n//     ---   ^^^^^^^^^^^^^ expected `f32`, found `&str`\n//     |\n//     expected due to this\n```\n\nThis error occurs when an expression was used in a place where the compiler\nexpected an expression of a different type. It can occur in several cases, the\nmost common being when calling a function and passing an argument which has a\ndifferent type than the matching type in the function declaration.\n"},"level":"error","spans":[{"file_name":"/home/samuelarmstrong/Documents/FrameworkTinkering/LEDMatrixFiles/project/sig_rp2040_applet/src/lib.rs","byte_start":1819,"byte_end":1845,"line_start":54,"line_end":54,"column_start":45,"column_end":71,"is_primary":true,"text":[{"text":"                            _ => return Err(\"Invalid parameter length\"),","highlight_start":45,"highlight_end":71}],"label":"expected `Error`, found `&str`","suggested_replacement":null,"suggestion_applicability":null,"expansion":null},{"file_name":"/home/samuelarmstrong/Documents/FrameworkTinkering/LEDMatrixFiles/project/sig_rp2040_applet/src/lib.rs","byte_start":1815,"byte_end":1818,"line_start":54,"line_end":54,"column_start":41,"column_end":44,"is_primary":false,"text":[{"text":"                            _ => return Err(\"Invalid parameter length\"),","highlight_start":41,"highlight_end":44}],"label":"arguments to this enum variant are incorrect","suggested_replacement":null,"suggestion_applicability":null,"expansion":null}],"children":[{"message":"the type constructed contains `&'static str` due to the type of the argument passed","code":null,"level":"help","spans":[{"file_name":"/home/samuelarmstrong/Documents/FrameworkTinkering/LEDMatrixFiles/project/sig_rp2040_applet/src/lib.rs","byte_start":1819,"byte_end":1845,"line_start":54,"line_end":54,"column_start":45,"column_end":71,"is_primary":false,"text":[{"text":"                            _ => return Err(\"Invalid parameter length\"),","highlight_start":45,"highlight_end":71}],"label":"this argument influences the type of `Err`","suggested_replacement":null,"suggestion_applicability":null,"expansion":null},{"file_name":"/home/samuelarmstrong/Documents/FrameworkTinkering/LEDMatrixFiles/project/sig_rp2040_applet/src/lib.rs","byte_start":1815,"byte_end":1846,"line_start":54,"line_end":54,"column_start":41,"column_end":72,"is_primary":true,"text":[{"text":"                            _ => return Err(\"Invalid parameter length\"),","highlight_start":41,"highlight_end":72}],"label":null,"suggested_replacement":null,"suggestion_applicability":null,"expansion":null}],"children":[],"rendered":null},{"message":"tuple variant defined here","code":null,"level":"note","spans":[{"file_name":"/rustc/3f5fd8dd41153bc5fdca9427e9e05be2c767ba23/library/core/src/result.rs","byte_start":19869,"byte_end":19872,"line_start":536,"line_end":536,"column_start":5,"column_end":8,"is_primary":true,"text":[],"label":null,"suggested_replacement":null,"suggestion_applicability":null,"expansion":null}],"children":[],"rendered":null}],"rendered":"\u001b[0m\u001b[1m\u001b[38;5;9merror[E0308]\u001b[0m\u001b[0m\u001b[1m: mismatched types\u001b[0m\n\u001b[0m  \u001b[0m\u001b[0m\u001b[1m\u001b[38;5;12m--> \u001b[0m\u001b[0m/home/samuelarmstrong/Documents/FrameworkTinkering/LEDMatrixFiles/project/sig_rp2040_applet/src/lib.rs:54:45\u001b[0m\n\u001b[0m   \u001b[0m\u001b[0m\u001b[1m\u001b[38;5;12m|\u001b[0m\n\u001b[0m\u001b[1m\u001b[38;5;12m54\u001b[0m\u001b[0m \u001b[0m\u001b[0m\u001b[1m\u001b[38;5;12m|\u001b[0m\u001b[0m \u001b[0m\u001b[0m\u001b[1m\u001b[38;5;12m...\u001b[0m\u001b[0m                   _ => return Err(\"Invalid parameter length\"),\u001b[0m\n\u001b[0m   \u001b[0m\u001b[0m\u001b[1m\u001b[38;5;12m|\u001b[0m\u001b[0m                                   \u001b[0m\u001b[0m\u001b[1m\u001b[38;5;12m---\u001b[0m\u001b[0m \u001b[0m\u001b[0m\u001b[1m\u001b[38;5;9m^^^^^^^^^^^^^^^^^^^^^^^^^^\u001b[0m\u001b[0m \u001b[0m\u001b[0m\u001b[1m\u001b[38;5;9mexpected `Error`, found `&str`\u001b[0m\n\u001b[0m   \u001b[0m\u001b[0m\u001b[1m\u001b[38;5;12m|\u001b[0m\u001b[0m                                   \u001b[0m\u001b[0m\u001b[1m\u001b[38;5;12m|\u001b[0m\n\u001b[0m   \u001b[0m\u001b[0m\u001b[1m\u001b[38;5;12m|\u001b[0m\u001b[0m                                   \u001b[0m\u001b[0m\u001b[1m\u001b[38;5;12marguments to this enum variant are incorrect\u001b[0m\n\u001b[0m   \u001b[0m\u001b[0m\u001b[1m\u001b[38;5;12m|\u001b[0m\n\u001b[0m\u001b[1m\u001b[38;5;14mhelp\u001b[0m\u001b[0m: the type constructed contains `&'static str` due to the type of the argument passed\u001b[0m\n\u001b[0m  \u001b[0m\u001b[0m\u001b[1m\u001b[38;5;12m--> \u001b[0m\u001b[0m/home/samuelarmstrong/Documents/FrameworkTinkering/LEDMatrixFiles/project/sig_rp2040_applet/src/lib.rs:54:41\u001b[0m\n\u001b[0m   \u001b[0m\u001b[0m\u001b[1m\u001b[38;5;12m|\u001b[0m\n\u001b[0m\u001b[1m\u001b[38;5;12m54\u001b[0m\u001b[0m \u001b[0m\u001b[0m\u001b[1m\u001b[38;5;12m|\u001b[0m\u001b[0m \u001b[0m\u001b[0m\u001b[1m\u001b[38;5;12m...\u001b[0m\u001b[0m                   _ => return Err(\"Invalid parameter length\"),\u001b[0m\n\u001b[0m   \u001b[0m\u001b[0m\u001b[1m\u001b[38;5;12m|\u001b[0m\u001b[0m                                   \u001b[0m\u001b[0m\u001b[1m\u001b[38;5;14m^^^^\u001b[0m\u001b[0m\u001b[1m\u001b[38;5;12m--------------------------\u001b[0m\u001b[0m\u001b[1m\u001b[38;5;14m^\u001b[0m\n\u001b[0m   \u001b[0m\u001b[0m\u001b[1m\u001b[38;5;12m|\u001b[0m\u001b[0m                                       \u001b[0m\u001b[0m\u001b[1m\u001b[38;5;12m|\u001b[0m\n\u001b[0m   \u001b[0m\u001b[0m\u001b[1m\u001b[38;5;12m|\u001b[0m\u001b[0m                                       \u001b[0m\u001b[0m\u001b[1m\u001b[38;5;12mthis argument influences the type of `Err`\u001b[0m\n\u001b[0m\u001b[1m\u001b[38;5;10mnote\u001b[0m\u001b[0m: tuple variant defined here\u001b[0m\n\u001b[0m  \u001b[0m\u001b[0m\u001b[1m\u001b[38;5;12m--> \u001b[0m\u001b[0m/rustc/3f5fd8dd41153bc5fdca9427e9e05be2c767ba23/library/core/src/result.rs:536:5\u001b[0m\n\n"}
{"$message_type":"diagnostic","message":"mismatched types","code":{"code":"E0308","explanation":"Expected type did not match the received type.\n\nErroneous code examples:\n\n```compile_fail,E0308\nfn plus_one(x: i32) -> i32 {\n    x + 1\n}\n\nplus_one(\"Not a number\");\n//       ^^^^^^^^^^^^^^ expected `i32`, found `&str`\n\nif \"Not a bool\" {\n// ^^^^^^^^^^^^ expected `bool`, found `&str`\n}\n\nlet x: f32 = \"Not a float\";\n//     ---   ^^^^^^^^^^^^^ expected `f32`, found `&str`\n//     |\n//     expected due to this\n```\n\nThis error occurs when an expression was used in a place where the compiler\nexpected an expression of a different type. It can occur in several cases, the\nmost common being when calling a function and passing an argument which has a\ndifferent type than the matching type in the function declaration.\n"},"level":"error","spans":[{"file_name":"/home/samuelarmstrong/Documents/FrameworkTinkering/LEDMatrixFiles/project/sig_rp2040_applet/src/lib.rs","byte_start":1933,"byte_end":1951,"line_start":57,"line_end":57,"column_start":37,"column_end":55,"is_primary":true,"text":[{"text":"                    _ => return Err(\"Bar not variable\"),","highlight_start":37,"highlight_end":55}],"label":"expected `Error`, found `&str`","suggested_replacement":null,"suggestion_applicability":null,"expansion":null},{"file_name":"/home/samuelarmstrong/Documents/FrameworkTinkering/LEDMatrixFiles/project/sig_rp2040_applet/src/lib.rs","byte_start":1929,"byte_end":1932,"line_start":57,"line_end":57,"column_start":33,"column_end":36,"is_primary":false,"text":[{"text":"                    _ => return Err(\"Bar not variable\"),","highlight_start":33,"highlight_end":36}],"label":"arguments to this enum variant are incorrect","suggested_replacement":null,"suggestion_applicability":null,"expansion":null}],"children":[{"message":"the type constructed contains `&'static str` due to the type of the argument passed","code":null,"level":"help","spans":[{"file_name":"/home/samuelarmstrong/Documents/FrameworkTinkering/LEDMatrixFiles/project/sig_rp2040_applet/src/lib.rs","byte_start":1933,"byte_end":1951,"line_start":57,"line_end":57,"column_start":37,"column_end":55,"is_primary":false,"text":[{"text":"                    _ => return Err(\"Bar not variable\"),","highlight_start":37,"highlight_end":55}],"label":"this argument influences the type of `Err`","suggested_replacement":null,"suggestion_applicability":null,"expansion":null},{"file_name":"/home/samuelarmstrong/Documents/FrameworkTinkering/LEDMatrixFiles/project/sig_rp2040_applet/src/lib.rs","byte_start":1929,"byte_end":1952,"line_start":57,"line_end":57,"column_start":33,"column_end":56,"is_primary":true,"text":[{"text":"                    _ => return Err(\"Bar not variable\"),","highlight_start":33,"highlight_end":56}],"label":null,"suggested_replacement":null,"suggestion_applicability":null,"expansion":null}],"children":[],"rendered":null},{"message":"tuple variant defined here","code":null,"level":"note","spans":[{"file_name":"/rustc/3f5fd8dd41153bc5fdca9427e9e05be2c767ba23/library/core/src/result.rs","byte_start":19869,"byte_end":19872,"line_start":536,"line_end":536,"column_start":5,"column_end":8,"is_primary":true,"text":[],"label":null,"suggested_replacement":null,"suggestion_applicability":null,"expansion":null}],"children":[],"rendered":null}],"rendered":"\u001b[0m\u001b[1m\u001b[38;5;9merror[E0308]\u001b[0m\u001b[0m\u001b[1m: mismatched types\u001b[0m\n\u001b[0m  \u001b[0m\u001b[0m\u001b[1m\u001b[38;5;12m--> \u001b[0m\u001b[0m/home/samuelarmstrong/Documents/FrameworkTinkering/LEDMatrixFiles/project/sig_rp2040_applet/src/lib.rs:57:37\u001b[0m\n\u001b[0m   \u001b[0m\u001b[0m\u001b[1m\u001b[38;5;12m|\u001b[0m\n\u001b[0m\u001b[1m\u001b[38;5;12m57\u001b[0m\u001b[0m \u001b[0m\u001b[0m\u001b[1m\u001b[38;5;12m|\u001b[0m\u001b[0m \u001b[0m\u001b[0m                    _ => return Err(\"Bar not variable\"),\u001b[0m\n\u001b[0m   \u001b[0m\u001b[0m\u001b[1m\u001b[38;5;12m|\u001b[0m\u001b[0m                                 \u001b[0m\u001b[0m\u001b[1m\u001b[38;5;12m---\u001b[0m\u001b[0m \u001b[0m\u001b[0m\u001b[1m\u001b[38;5;9m^^^^^^^^^^^^^^^^^^\u001b[0m\u001b[0m \u001b[0m\u001b[0m\u001b[1m\u001b[38;5;9mexpected `Error`, found `&str`\u001b[0m\n\u001b[0m   \u001b[0m\u001b[0m\u001b[1m\u001b[38;5;12m|\u001b[0m\u001b[0m                                 \u001b[0m\u001b[0m\u001b[1m\u001b[38;5;12m|\u001b[0m\n\u001b[0m   \u001b[0m\u001b[0m\u001b[1m\u001b[38;5;12m|\u001b[0m\u001b[0m                                 \u001b[0m\u001b[0m\u001b[1m\u001b[38;5;12marguments to this enum variant are incorrect\u001b[0m\n\u001b[0m   \u001b[0m\u001b[0m\u001b[1m\u001b[38;5;12m|\u001b[0m\n\u001b[0m\u001b[1m\u001b[38;5;14mhelp\u001b[0m\u001b[0m: the type constructed contains `&'static str` due to the type of the argument passed\u001b[0m\n\u001b[0m  \u001b[0m\u001b[0m\u001b[1m\u001b[38;5;12m--> \u001b[0m\u001b[0m/home/samuelarmstrong/Documents/FrameworkTinkering/LEDMatrixFiles/project/sig_rp2040_applet/src/lib.rs:57:33\u001b[0m\n\u001b[0m   \u001b[0m\u001b[0m\u001b[1m\u001b[38;5;12m|\u001b[0m\n\u001b[0m\u001b[1m\u001b[38;5;12m57\u001b[0m\u001b[0m \u001b[0m\u001b[0m\u001b[1m\u001b[38;5;12m|\u001b[0m\u001b[0m \u001b[0m\u001b[0m                    _ => return Err(\"Bar not variable\"),\u001b[0m\n\u001b[0m   \u001b[0m\u001b[0m\u001b[1m\u001b[38;5;12m|\u001b[0m\u001b[0m                                 \u001b[0m\u001b[0m\u001b[1m\u001b[38;5;14m^^^^\u001b[0m\u001b[0m\u001b[1m\u001b[38;5;12m------------------\u001b[0m\u001b[0m\u001b[1m\u001b[38;5;14m^\u001b[0m\n\u001b[0m   \u001b[0m\u001b[0m\u001b[1m\u001b[38;5;12m|\u001b[0m\u001b[0m                                     \u001b[0m\u001b[0m\u001b[1m\u001b[38;5;12m|\u001b[0m\n\u001b[0m   \u001b[0m\u001b[0m\u001b[1m\u001b[38;5;12m|\u001b[0m\u001b[0m                                     \u001b[0m\u001b[0m\u001b[1m\u001b[38;5;12mthis argument influences the type of `Err`\u001b[0m\n\u001b[0m\u001b[1m\u001b[38;5;10mnote\u001b[0m\u001b[0m: tuple variant defined here\u001b[0m\n\u001b[0m  \u001b[0m\u001b[0m\u001b[1m\u001b[38;5;12m--> \u001b[0m\u001b[0m/rustc/3f5fd8dd41153bc5fdca9427e9e05be2c767ba23/library/core/src/result.rs:536:5\u001b[0m\n\n"}
{"$message_type":"diagnostic","message":"mismatched types","code":{"code":"E0308","explanation":"Expected type did not match the received type.\n\nErroneous code examples:\n\n```compile_fail,E0308\nfn plus_one(x: i32) -> i32 {\n    x + 1\n}\n\nplus_one(\"Not a number\");\n//       ^^^^^^^^^^^^^^ expected `i32`, found `&str`\n\nif \"Not a bool\" {\n// ^^^^^^^^^^^^ expected `bool`, found `&str`\n}\n\nlet x: f32 = \"Not a float\";\n//     ---   ^^^^^^^^^^^^^ expected `f32`, found `&str`\n//     |\n//     expected due to this\n```\n\nThis error occurs when an expression was used in a place where the compiler\nexpected an expression of a different type. It can occur in several cases, the\nmost common being when calling a function and passing an argument which has a\ndifferent type than the matching type in the function declaration.\n"},"level":"error","spans":[{"file_name":"/home/samuelarmstrong/Documents/FrameworkTinkering/LEDMatrixFiles/project/sig_rp2040_applet/src/lib.rs","byte_start":2054,"byte_end":2085,"line_start":61,"line_end":61,"column_start":46,"column_end":77,"is_primary":true,"text":[{"text":"            Opcode::SignApplet => return Err(\"Applet cannot sign new applet\")","highlight_start":46,"highlight_end":77}],"label":"expected `Error`, found `&str`","suggested_replacement":null,"suggestion_applicability":null,"expansion":null},{"file_name":"/home/samuelarmstrong/Documents/FrameworkTinkering/LEDMatrixFiles/project/sig_rp2040_applet/src/lib.rs","byte_start":2050,"byte_end":2053,"line_start":61,"line_end":61,"column_start":42,"column_end":45,"is_primary":false,"text":[{"text":"            Opcode::SignApplet => return Err(\"Applet cannot sign new applet\")","highlight_start":42,"highlight_end":45}],"label":"arguments to this enum variant are incorrect","suggested_replacement":null,"suggestion_applicability":null,"expansion":null}],"children":[{"message":"the type constructed contains `&'static str` due to the type of the argument passed","code":null,"level":"help","spans":[{"file_name":"/home/samuelarmstrong/Documents/FrameworkTinkering/LEDMatrixFiles/project/sig_rp2040_applet/src/lib.rs","byte_start":2054,"byte_end":2085,"line_start":61,"line_end":61,"column_start":46,"column_end":77,"is_primary":false,"text":[{"text":"            Opcode::SignApplet => return Err(\"Applet cannot sign new applet\")","highlight_start":46,"highlight_end":77}],"label":"this argument influences the type of `Err`","suggested_replacement":null,"suggestion_applicability":null,"expansion":null},{"file_name":"/home/samuelarmstrong/Documents/FrameworkTinkering/LEDMatrixFiles/project/sig_rp2040_applet/src/lib.rs","byte_start":2050,"byte_end":2086,"line_start":61,"line_end":61,"column_start":42,"column_end":78,"is_primary":true,"text":[{"text":"            Opcode::SignApplet => return Err(\"Applet cannot sign new applet\")","highlight_start":42,"highlight_end":78}],"label":null,"suggested_replacement":null,"suggestion_applicability":null,"expansion":null}],"children":[],"rendered":null},{"message":"tuple variant defined here","code":null,"level":"note","spans":[{"file_name":"/rustc/3f5fd8dd41153bc5fdca9427e9e05be2c767ba23/library/core/src/result.rs","byte_start":19869,"byte_end":19872,"line_start":536,"line_end":536,"column_start":5,"column_end":8,"is_primary":true,"text":[],"label":null,"suggested_replacement":null,"suggestion_applicability":null,"expansion":null}],"children":[],"rendered":null}],"rendered":"\u001b[0m\u001b[1m\u001b[38;5;9merror[E0308]\u001b[0m\u001b[0m\u001b[1m: mismatched types\u001b[0m\n\u001b[0m  \u001b[0m\u001b[0m\u001b[1m\u001b[38;5;12m--> \u001b[0m\u001b[0m/home/samuelarmstrong/Documents/FrameworkTinkering/LEDMatrixFiles/project/sig_rp2040_applet/src/lib.rs:61:46\u001b[0m\n\u001b[0m   \u001b[0m\u001b[0m\u001b[1m\u001b[38;5;12m|\u001b[0m\n\u001b[0m\u001b[1m\u001b[38;5;12m61\u001b[0m\u001b[0m \u001b[0m\u001b[0m\u001b[1m\u001b[38;5;12m|\u001b[0m\u001b[0m \u001b[0m\u001b[0m            Opcode::SignApplet => return Err(\"Applet cannot sign new applet\")\u001b[0m\n\u001b[0m   \u001b[0m\u001b[0m\u001b[1m\u001b[38;5;12m|\u001b[0m\u001b[0m                                          \u001b[0m\u001b[0m\u001b[1m\u001b[38;5;12m---\u001b[0m\u001b[0m \u001b[0m\u001b[0m\u001b[1m\u001b[38;5;9m^^^^^^^^^^^^^^^^^^^^^^^^^^^^^^^\u001b[0m\u001b[0m \u001b[0m\u001b[0m\u001b[1m\u001b[38;5;9mexpected `Error`, found `&str`\u001b[0m\n\u001b[0m   \u001b[0m\u001b[0m\u001b[1m\u001b[38;5;12m|\u001b[0m\u001b[0m                                          \u001b[0m\u001b[0m\u001b[1m\u001b[38;5;12m|\u001b[0m\n\u001b[0m   \u001b[0m\u001b[0m\u001b[1m\u001b[38;5;12m|\u001b[0m\u001b[0m                                          \u001b[0m\u001b[0m\u001b[1m\u001b[38;5;12marguments to this enum variant are incorrect\u001b[0m\n\u001b[0m   \u001b[0m\u001b[0m\u001b[1m\u001b[38;5;12m|\u001b[0m\n\u001b[0m\u001b[1m\u001b[38;5;14mhelp\u001b[0m\u001b[0m: the type constructed contains `&'static str` due to the type of the argument passed\u001b[0m\n\u001b[0m  \u001b[0m\u001b[0m\u001b[1m\u001b[38;5;12m--> \u001b[0m\u001b[0m/home/samuelarmstrong/Documents/FrameworkTinkering/LEDMatrixFiles/project/sig_rp2040_applet/src/lib.rs:61:42\u001b[0m\n\u001b[0m   \u001b[0m\u001b[0m\u001b[1m\u001b[38;5;12m|\u001b[0m\n\u001b[0m\u001b[1m\u001b[38;5;12m61\u001b[0m\u001b[0m \u001b[0m\u001b[0m\u001b[1m\u001b[38;5;12m|\u001b[0m\u001b[0m \u001b[0m\u001b[0m            Opcode::SignApplet => return Err(\"Applet cannot sign new applet\")\u001b[0m\n\u001b[0m   \u001b[0m\u001b[0m\u001b[1m\u001b[38;5;12m|\u001b[0m\u001b[0m                                          \u001b[0m\u001b[0m\u001b[1m\u001b[38;5;14m^^^^\u001b[0m\u001b[0m\u001b[1m\u001b[38;5;12m-------------------------------\u001b[0m\u001b[0m\u001b[1m\u001b[38;5;14m^\u001b[0m\n\u001b[0m   \u001b[0m\u001b[0m\u001b[1m\u001b[38;5;12m|\u001b[0m\u001b[0m                                              \u001b[0m\u001b[0m\u001b[1m\u001b[38;5;12m|\u001b[0m\n\u001b[0m   \u001b[0m\u001b[0m\u001b[1m\u001b[38;5;12m|\u001b[0m\u001b[0m                                              \u001b[0m\u001b[0m\u001b[1m\u001b[38;5;12mthis argument influences the type of `Err`\u001b[0m\n\u001b[0m\u001b[1m\u001b[38;5;10mnote\u001b[0m\u001b[0m: tuple variant defined here\u001b[0m\n\u001b[0m  \u001b[0m\u001b[0m\u001b[1m\u001b[38;5;12m--> \u001b[0m\u001b[0m/rustc/3f5fd8dd41153bc5fdca9427e9e05be2c767ba23/library/core/src/result.rs:536:5\u001b[0m\n\n"}
{"$message_type":"diagnostic","message":"aborting due to 6 previous errors; 1 warning emitted","code":null,"level":"error","spans":[],"children":[],"rendered":"\u001b[0m\u001b[1m\u001b[38;5;9merror\u001b[0m\u001b[0m\u001b[1m: aborting due to 6 previous errors; 1 warning emitted\u001b[0m\n\n"}
{"$message_type":"diagnostic","message":"Some errors have detailed explanations: E0107, E0308.","code":null,"level":"failure-note","spans":[],"children":[],"rendered":"\u001b[0m\u001b[1mSome errors have detailed explanations: E0107, E0308.\u001b[0m\n"}
{"$message_type":"diagnostic","message":"For more information about an error, try `rustc --explain E0107`.","code":null,"level":"failure-note","spans":[],"children":[],"rendered":"\u001b[0m\u001b[1mFor more information about an error, try `rustc --explain E0107`.\u001b[0m\n"}
